1554051994078	mozrunner::runner	INFO	Running command: "/usr/bin/firefox" "-marionette" "-foreground" "-no-remote" "-profile" "/tmp/rust_mozprofile.Ds2LCQV1qyea"
1554051994489	addons.webextension.screenshots@mozilla.org	WARN	Loading extension 'screenshots@mozilla.org': Reading manifest: Invalid extension permission: mozillaAddons
1554051994490	addons.webextension.screenshots@mozilla.org	WARN	Loading extension 'screenshots@mozilla.org': Reading manifest: Invalid extension permission: resource://pdf.js/
1554051994490	addons.webextension.screenshots@mozilla.org	WARN	Loading extension 'screenshots@mozilla.org': Reading manifest: Invalid extension permission: about:reader*
1554051996142	Marionette	INFO	Listening on port 36571
1554051996191	Marionette	WARN	TLS certificate errors will be ignored for this session
JavaScript error: http://10.10.10.153/moodle/lib/javascript.php/1530059091/lib/requirejs/require.min.js, line 1: Error: Script error for "core/first"
http://requirejs.org/docs/errors.html#scripterror
[Parent 12881, Gecko_IOThread] WARNING: pipe error (128): Connection reset by peer: file /build/firefox/src/mozilla-unified/ipc/chromium/src/chrome/common/ipc_channel_posix.cc, line 357
1554052040011	Marionette	INFO	Stopped listening on port 36571
1554052118361	mozrunner::runner	INFO	Running command: "/usr/bin/firefox" "-marionette" "-foreground" "-no-remote" "-profile" "/tmp/rust_mozprofile.GbYfVAI7IpAQ"
1554052118804	addons.webextension.screenshots@mozilla.org	WARN	Loading extension 'screenshots@mozilla.org': Reading manifest: Invalid extension permission: mozillaAddons
1554052118804	addons.webextension.screenshots@mozilla.org	WARN	Loading extension 'screenshots@mozilla.org': Reading manifest: Invalid extension permission: resource://pdf.js/
1554052118804	addons.webextension.screenshots@mozilla.org	WARN	Loading extension 'screenshots@mozilla.org': Reading manifest: Invalid extension permission: about:reader*
1554052120382	Marionette	INFO	Listening on port 41843
1554052120552	Marionette	WARN	TLS certificate errors will be ignored for this session
console.error: BroadcastService: 
  receivedBroadcastMessage: handler for
  remote-settings/monitor_changes
  threw error:
  Message: Error: Polling for changes failed: NetworkError when attempting to fetch resource..
  Stack:
    remoteSettingsFunction/remoteSettings.pollChanges@resource://services-settings/remote-settings.js:190:13

[Parent 13843, Gecko_IOThread] WARNING: pipe error: Broken pipe: file /build/firefox/src/mozilla-unified/ipc/chromium/src/chrome/common/ipc_channel_posix.cc, line 726
1554052205233	Marionette	INFO	Stopped listening on port 41843
1554052251441	mozrunner::runner	INFO	Running command: "/usr/bin/firefox" "-marionette" "-foreground" "-no-remote" "-profile" "/tmp/rust_mozprofile.CSwrYzOMu5CA"
1554052251866	addons.webextension.screenshots@mozilla.org	WARN	Loading extension 'screenshots@mozilla.org': Reading manifest: Invalid extension permission: mozillaAddons
1554052251866	addons.webextension.screenshots@mozilla.org	WARN	Loading extension 'screenshots@mozilla.org': Reading manifest: Invalid extension permission: resource://pdf.js/
1554052251866	addons.webextension.screenshots@mozilla.org	WARN	Loading extension 'screenshots@mozilla.org': Reading manifest: Invalid extension permission: about:reader*
1554052253485	Marionette	INFO	Listening on port 46313
1554052253553	Marionette	WARN	TLS certificate errors will be ignored for this session
JavaScript error: http://10.10.10.153/moodle/lib/javascript.php/1530059091/lib/requirejs/require.min.js, line 1: Error: Script error for "core/first"
http://requirejs.org/docs/errors.html#scripterror
1554052330704	Marionette	INFO	Stopped listening on port 46313
